<?xml version="1.0" encoding="UTF-8"?>
<testsuite name="com.choongang.K_CountCharacterTest" tests="4" skipped="0" failures="0" errors="0" timestamp="2024-04-05T08:21:48" hostname="BOOK-LCCUUB9T5H" time="0.042">
  <properties/>
  <testcase name="차례대로 &quot;say what!?&quot;,'a'을(를) 입력받은 경우, 2을(를) 리턴해야 합니다" classname="com.choongang.K_CountCharacterTest" time="0.04"/>
  <testcase name="차례대로 &quot;say what!?&quot;,' '을(를) 입력받은 경우, 1을(를) 리턴해야 합니다" classname="com.choongang.K_CountCharacterTest" time="0.001"/>
  <testcase name="차례대로 &quot;say what!?&quot;,'x'을(를) 입력받은 경우, 0을(를) 리턴해야 합니다" classname="com.choongang.K_CountCharacterTest" time="0.0"/>
  <testcase name="차례대로 &quot;&quot;,'a'을(를) 입력받은 경우, 0을(를) 리턴해야 합니다" classname="com.choongang.K_CountCharacterTest" time="0.0"/>
  <system-out><![CDATA[]]></system-out>
  <system-err><![CDATA[]]></system-err>
</testsuite>
